<?xml version="1.0" encoding="UTF-8"?>
<!-- Generated by org.testng.reporters.JUnitReportReporter -->
<testsuite hostname="BaBa-Rasheed" failures="0" tests="8" name="cucumberOptions.TestRunner" time="243.574" errors="0" timestamp="2022-04-11T17:05:09 PKT" skipped="0">
  <testcase classname="cucumberOptions.TestRunner" name="runScenario" time="65.779"/>
  <system-out/>
  <testcase classname="cucumberOptions.TestRunner" name="runScenario" time="27.057"/>
  <system-out/>
  <testcase classname="cucumberOptions.TestRunner" name="runScenario" time="14.696"/>
  <system-out/>
  <testcase classname="cucumberOptions.TestRunner" name="runScenario" time="47.257"/>
  <system-out/>
  <testcase classname="cucumberOptions.TestRunner" name="runScenario" time="44.156"/>
  <system-out/>
  <testcase classname="cucumberOptions.TestRunner" name="runScenario" time="21.553"/>
  <system-out/>
  <testcase classname="cucumberOptions.TestRunner" name="runScenario" time="10.298"/>
  <system-out/>
  <testcase classname="cucumberOptions.TestRunner" name="runScenario" time="12.778"/>
  <system-out/>
</testsuite> <!-- cucumberOptions.TestRunner -->
