<?xml version="1.0" encoding="UTF-8"?>
<!-- Generated by org.testng.reporters.JUnitReportReporter -->
<testsuite hostname="BaBa-Rasheed" failures="0" tests="8" name="cucumberOptions.TestRunner" time="296.222" errors="0" timestamp="2022-04-11T16:32:19 PKT" skipped="0">
  <testcase classname="cucumberOptions.TestRunner" name="runScenario" time="37.668"/>
  <system-out/>
  <testcase classname="cucumberOptions.TestRunner" name="runScenario" time="8.629"/>
  <system-out/>
  <testcase classname="cucumberOptions.TestRunner" name="runScenario" time="24.426"/>
  <system-out/>
  <testcase classname="cucumberOptions.TestRunner" name="runScenario" time="10.974"/>
  <system-out/>
  <testcase classname="cucumberOptions.TestRunner" name="runScenario" time="52.370"/>
  <system-out/>
  <testcase classname="cucumberOptions.TestRunner" name="runScenario" time="88.268"/>
  <system-out/>
  <testcase classname="cucumberOptions.TestRunner" name="runScenario" time="21.681"/>
  <system-out/>
  <testcase classname="cucumberOptions.TestRunner" name="runScenario" time="52.206"/>
  <system-out/>
</testsuite> <!-- cucumberOptions.TestRunner -->
